The system is: Linux - 4.15.0-45-generic - x86_64
Compiling the C compiler identification source file "CMakeCCompilerId.c" succeeded.
Compiler: /usr/bin/cc 
Build flags: ;-Wextra;-Wall;-Werror;-std=c99;-g;-pedantic
Id flags:  

The output was:
0


Compilation of the C compiler identification source "CMakeCCompilerId.c" produced "a.out"

The C compiler identification is GNU, found in "/home/johannes/MA-Ali/ccn-lite/src/CMakeFiles/3.9.4/CompilerIdC/a.out"

Compiling the CXX compiler identification source file "CMakeCXXCompilerId.cpp" succeeded.
Compiler: /usr/bin/c++ 
Build flags: 
Id flags:  

The output was:
0


Compilation of the CXX compiler identification source "CMakeCXXCompilerId.cpp" produced "a.out"

The CXX compiler identification is GNU, found in "/home/johannes/MA-Ali/ccn-lite/src/CMakeFiles/3.9.4/CompilerIdCXX/a.out"

Detecting C compiler ABI info compiled with the following output:
Change Dir: /home/johannes/MA-Ali/ccn-lite/src/CMakeFiles/CMakeTmp

Run Build Command:"/usr/bin/make" "cmTC_9be18/fast"
/usr/bin/make -f CMakeFiles/cmTC_9be18.dir/build.make CMakeFiles/cmTC_9be18.dir/build
make[1]: Entering directory '/home/johannes/MA-Ali/ccn-lite/src/CMakeFiles/CMakeTmp'
Building C object CMakeFiles/cmTC_9be18.dir/CMakeCCompilerABI.c.o
/usr/bin/cc    -o CMakeFiles/cmTC_9be18.dir/CMakeCCompilerABI.c.o   -c /usr/local/share/cmake-3.9/Modules/CMakeCCompilerABI.c
Linking C static library libcmTC_9be18.a
/usr/local/bin/cmake -P CMakeFiles/cmTC_9be18.dir/cmake_clean_target.cmake
/usr/local/bin/cmake -E cmake_link_script CMakeFiles/cmTC_9be18.dir/link.txt --verbose=1
/usr/bin/ar qc libcmTC_9be18.a  CMakeFiles/cmTC_9be18.dir/CMakeCCompilerABI.c.o
/usr/bin/ranlib libcmTC_9be18.a
make[1]: Leaving directory '/home/johannes/MA-Ali/ccn-lite/src/CMakeFiles/CMakeTmp'


Parsed C implicit link information from above output:
  link line regex: [^( *|.*[/\])(ld|CMAKE_LINK_STARTFILE-NOTFOUND|([^/\]+-)?ld|collect2)[^/\]*( |$)]
  ignore line: [Change Dir: /home/johannes/MA-Ali/ccn-lite/src/CMakeFiles/CMakeTmp]
  ignore line: []
  ignore line: [Run Build Command:"/usr/bin/make" "cmTC_9be18/fast"]
  ignore line: [/usr/bin/make -f CMakeFiles/cmTC_9be18.dir/build.make CMakeFiles/cmTC_9be18.dir/build]
  ignore line: [make[1]: Entering directory '/home/johannes/MA-Ali/ccn-lite/src/CMakeFiles/CMakeTmp']
  ignore line: [Building C object CMakeFiles/cmTC_9be18.dir/CMakeCCompilerABI.c.o]
  ignore line: [/usr/bin/cc    -o CMakeFiles/cmTC_9be18.dir/CMakeCCompilerABI.c.o   -c /usr/local/share/cmake-3.9/Modules/CMakeCCompilerABI.c]
  ignore line: [Linking C static library libcmTC_9be18.a]
  ignore line: [/usr/local/bin/cmake -P CMakeFiles/cmTC_9be18.dir/cmake_clean_target.cmake]
  ignore line: [/usr/local/bin/cmake -E cmake_link_script CMakeFiles/cmTC_9be18.dir/link.txt --verbose=1]
  ignore line: [/usr/bin/ar qc libcmTC_9be18.a  CMakeFiles/cmTC_9be18.dir/CMakeCCompilerABI.c.o]
  ignore line: [/usr/bin/ranlib libcmTC_9be18.a]
  ignore line: [make[1]: Leaving directory '/home/johannes/MA-Ali/ccn-lite/src/CMakeFiles/CMakeTmp']
  ignore line: []
  implicit libs: []
  implicit dirs: []
  implicit fwks: []




Detecting C [-std=c11] compiler features compiled with the following output:
Change Dir: /home/johannes/MA-Ali/ccn-lite/src/CMakeFiles/CMakeTmp

Run Build Command:"/usr/bin/make" "cmTC_7615a/fast"
/usr/bin/make -f CMakeFiles/cmTC_7615a.dir/build.make CMakeFiles/cmTC_7615a.dir/build
make[1]: Entering directory '/home/johannes/MA-Ali/ccn-lite/src/CMakeFiles/CMakeTmp'
Building C object CMakeFiles/cmTC_7615a.dir/feature_tests.c.o
/usr/bin/cc   -std=c11 -o CMakeFiles/cmTC_7615a.dir/feature_tests.c.o   -c /home/johannes/MA-Ali/ccn-lite/src/CMakeFiles/feature_tests.c
Linking C static library libcmTC_7615a.a
/usr/local/bin/cmake -P CMakeFiles/cmTC_7615a.dir/cmake_clean_target.cmake
/usr/local/bin/cmake -E cmake_link_script CMakeFiles/cmTC_7615a.dir/link.txt --verbose=1
/usr/bin/ar qc libcmTC_7615a.a  CMakeFiles/cmTC_7615a.dir/feature_tests.c.o
/usr/bin/ranlib libcmTC_7615a.a
make[1]: Leaving directory '/home/johannes/MA-Ali/ccn-lite/src/CMakeFiles/CMakeTmp'


    Feature record: C_FEATURE:1c_function_prototypes
    Feature record: C_FEATURE:1c_restrict
    Feature record: C_FEATURE:1c_static_assert
    Feature record: C_FEATURE:1c_variadic_macros


Detecting C [-std=c99] compiler features compiled with the following output:
Change Dir: /home/johannes/MA-Ali/ccn-lite/src/CMakeFiles/CMakeTmp

Run Build Command:"/usr/bin/make" "cmTC_a411e/fast"
/usr/bin/make -f CMakeFiles/cmTC_a411e.dir/build.make CMakeFiles/cmTC_a411e.dir/build
make[1]: Entering directory '/home/johannes/MA-Ali/ccn-lite/src/CMakeFiles/CMakeTmp'
Building C object CMakeFiles/cmTC_a411e.dir/feature_tests.c.o
/usr/bin/cc   -std=c99 -o CMakeFiles/cmTC_a411e.dir/feature_tests.c.o   -c /home/johannes/MA-Ali/ccn-lite/src/CMakeFiles/feature_tests.c
Linking C static library libcmTC_a411e.a
/usr/local/bin/cmake -P CMakeFiles/cmTC_a411e.dir/cmake_clean_target.cmake
/usr/local/bin/cmake -E cmake_link_script CMakeFiles/cmTC_a411e.dir/link.txt --verbose=1
/usr/bin/ar qc libcmTC_a411e.a  CMakeFiles/cmTC_a411e.dir/feature_tests.c.o
/usr/bin/ranlib libcmTC_a411e.a
make[1]: Leaving directory '/home/johannes/MA-Ali/ccn-lite/src/CMakeFiles/CMakeTmp'


    Feature record: C_FEATURE:1c_function_prototypes
    Feature record: C_FEATURE:1c_restrict
    Feature record: C_FEATURE:0c_static_assert
    Feature record: C_FEATURE:1c_variadic_macros


Detecting C [-std=c90] compiler features compiled with the following output:
Change Dir: /home/johannes/MA-Ali/ccn-lite/src/CMakeFiles/CMakeTmp

Run Build Command:"/usr/bin/make" "cmTC_3b095/fast"
/usr/bin/make -f CMakeFiles/cmTC_3b095.dir/build.make CMakeFiles/cmTC_3b095.dir/build
make[1]: Entering directory '/home/johannes/MA-Ali/ccn-lite/src/CMakeFiles/CMakeTmp'
Building C object CMakeFiles/cmTC_3b095.dir/feature_tests.c.o
/usr/bin/cc   -std=c90 -o CMakeFiles/cmTC_3b095.dir/feature_tests.c.o   -c /home/johannes/MA-Ali/ccn-lite/src/CMakeFiles/feature_tests.c
Linking C static library libcmTC_3b095.a
/usr/local/bin/cmake -P CMakeFiles/cmTC_3b095.dir/cmake_clean_target.cmake
/usr/local/bin/cmake -E cmake_link_script CMakeFiles/cmTC_3b095.dir/link.txt --verbose=1
/usr/bin/ar qc libcmTC_3b095.a  CMakeFiles/cmTC_3b095.dir/feature_tests.c.o
/usr/bin/ranlib libcmTC_3b095.a
make[1]: Leaving directory '/home/johannes/MA-Ali/ccn-lite/src/CMakeFiles/CMakeTmp'


    Feature record: C_FEATURE:1c_function_prototypes
    Feature record: C_FEATURE:0c_restrict
    Feature record: C_FEATURE:0c_static_assert
    Feature record: C_FEATURE:0c_variadic_macros
Determining if the CXX compiler works passed with the following output:
Change Dir: /home/johannes/MA-Ali/ccn-lite/src/CMakeFiles/CMakeTmp

Run Build Command:"/usr/bin/make" "cmTC_732ae/fast"
/usr/bin/make -f CMakeFiles/cmTC_732ae.dir/build.make CMakeFiles/cmTC_732ae.dir/build
make[1]: Entering directory '/home/johannes/MA-Ali/ccn-lite/src/CMakeFiles/CMakeTmp'
Building CXX object CMakeFiles/cmTC_732ae.dir/testCXXCompiler.cxx.o
/usr/bin/c++     -o CMakeFiles/cmTC_732ae.dir/testCXXCompiler.cxx.o -c /home/johannes/MA-Ali/ccn-lite/src/CMakeFiles/CMakeTmp/testCXXCompiler.cxx
Linking CXX static library libcmTC_732ae.a
/usr/local/bin/cmake -P CMakeFiles/cmTC_732ae.dir/cmake_clean_target.cmake
/usr/local/bin/cmake -E cmake_link_script CMakeFiles/cmTC_732ae.dir/link.txt --verbose=1
/usr/bin/ar qc libcmTC_732ae.a  CMakeFiles/cmTC_732ae.dir/testCXXCompiler.cxx.o
/usr/bin/ranlib libcmTC_732ae.a
make[1]: Leaving directory '/home/johannes/MA-Ali/ccn-lite/src/CMakeFiles/CMakeTmp'


Detecting CXX compiler ABI info compiled with the following output:
Change Dir: /home/johannes/MA-Ali/ccn-lite/src/CMakeFiles/CMakeTmp

Run Build Command:"/usr/bin/make" "cmTC_c316a/fast"
/usr/bin/make -f CMakeFiles/cmTC_c316a.dir/build.make CMakeFiles/cmTC_c316a.dir/build
make[1]: Entering directory '/home/johannes/MA-Ali/ccn-lite/src/CMakeFiles/CMakeTmp'
Building CXX object CMakeFiles/cmTC_c316a.dir/CMakeCXXCompilerABI.cpp.o
/usr/bin/c++     -o CMakeFiles/cmTC_c316a.dir/CMakeCXXCompilerABI.cpp.o -c /usr/local/share/cmake-3.9/Modules/CMakeCXXCompilerABI.cpp
Linking CXX static library libcmTC_c316a.a
/usr/local/bin/cmake -P CMakeFiles/cmTC_c316a.dir/cmake_clean_target.cmake
/usr/local/bin/cmake -E cmake_link_script CMakeFiles/cmTC_c316a.dir/link.txt --verbose=1
/usr/bin/ar qc libcmTC_c316a.a  CMakeFiles/cmTC_c316a.dir/CMakeCXXCompilerABI.cpp.o
/usr/bin/ranlib libcmTC_c316a.a
make[1]: Leaving directory '/home/johannes/MA-Ali/ccn-lite/src/CMakeFiles/CMakeTmp'


Parsed CXX implicit link information from above output:
  link line regex: [^( *|.*[/\])(ld|CMAKE_LINK_STARTFILE-NOTFOUND|([^/\]+-)?ld|collect2)[^/\]*( |$)]
  ignore line: [Change Dir: /home/johannes/MA-Ali/ccn-lite/src/CMakeFiles/CMakeTmp]
  ignore line: []
  ignore line: [Run Build Command:"/usr/bin/make" "cmTC_c316a/fast"]
  ignore line: [/usr/bin/make -f CMakeFiles/cmTC_c316a.dir/build.make CMakeFiles/cmTC_c316a.dir/build]
  ignore line: [make[1]: Entering directory '/home/johannes/MA-Ali/ccn-lite/src/CMakeFiles/CMakeTmp']
  ignore line: [Building CXX object CMakeFiles/cmTC_c316a.dir/CMakeCXXCompilerABI.cpp.o]
  ignore line: [/usr/bin/c++     -o CMakeFiles/cmTC_c316a.dir/CMakeCXXCompilerABI.cpp.o -c /usr/local/share/cmake-3.9/Modules/CMakeCXXCompilerABI.cpp]
  ignore line: [Linking CXX static library libcmTC_c316a.a]
  ignore line: [/usr/local/bin/cmake -P CMakeFiles/cmTC_c316a.dir/cmake_clean_target.cmake]
  ignore line: [/usr/local/bin/cmake -E cmake_link_script CMakeFiles/cmTC_c316a.dir/link.txt --verbose=1]
  ignore line: [/usr/bin/ar qc libcmTC_c316a.a  CMakeFiles/cmTC_c316a.dir/CMakeCXXCompilerABI.cpp.o]
  ignore line: [/usr/bin/ranlib libcmTC_c316a.a]
  ignore line: [make[1]: Leaving directory '/home/johannes/MA-Ali/ccn-lite/src/CMakeFiles/CMakeTmp']
  ignore line: []
  implicit libs: []
  implicit dirs: []
  implicit fwks: []




Detecting CXX [-std=c++1z] compiler features compiled with the following output:
Change Dir: /home/johannes/MA-Ali/ccn-lite/src/CMakeFiles/CMakeTmp

Run Build Command:"/usr/bin/make" "cmTC_fcd0b/fast"
/usr/bin/make -f CMakeFiles/cmTC_fcd0b.dir/build.make CMakeFiles/cmTC_fcd0b.dir/build
make[1]: Entering directory '/home/johannes/MA-Ali/ccn-lite/src/CMakeFiles/CMakeTmp'
Building CXX object CMakeFiles/cmTC_fcd0b.dir/feature_tests.cxx.o
/usr/bin/c++    -std=c++1z -o CMakeFiles/cmTC_fcd0b.dir/feature_tests.cxx.o -c /home/johannes/MA-Ali/ccn-lite/src/CMakeFiles/feature_tests.cxx
Linking CXX static library libcmTC_fcd0b.a
/usr/local/bin/cmake -P CMakeFiles/cmTC_fcd0b.dir/cmake_clean_target.cmake
/usr/local/bin/cmake -E cmake_link_script CMakeFiles/cmTC_fcd0b.dir/link.txt --verbose=1
/usr/bin/ar qc libcmTC_fcd0b.a  CMakeFiles/cmTC_fcd0b.dir/feature_tests.cxx.o
/usr/bin/ranlib libcmTC_fcd0b.a
make[1]: Leaving directory '/home/johannes/MA-Ali/ccn-lite/src/CMakeFiles/CMakeTmp'


    Feature record: CXX_FEATURE:1cxx_aggregate_default_initializers
    Feature record: CXX_FEATURE:1cxx_alias_templates
    Feature record: CXX_FEATURE:1cxx_alignas
    Feature record: CXX_FEATURE:1cxx_alignof
    Feature record: CXX_FEATURE:1cxx_attributes
    Feature record: CXX_FEATURE:1cxx_attribute_deprecated
    Feature record: CXX_FEATURE:1cxx_auto_type
    Feature record: CXX_FEATURE:1cxx_binary_literals
    Feature record: CXX_FEATURE:1cxx_constexpr
    Feature record: CXX_FEATURE:1cxx_contextual_conversions
    Feature record: CXX_FEATURE:1cxx_decltype
    Feature record: CXX_FEATURE:1cxx_decltype_auto
    Feature record: CXX_FEATURE:1cxx_decltype_incomplete_return_types
    Feature record: CXX_FEATURE:1cxx_default_function_template_args
    Feature record: CXX_FEATURE:1cxx_defaulted_functions
    Feature record: CXX_FEATURE:1cxx_defaulted_move_initializers
    Feature record: CXX_FEATURE:1cxx_delegating_constructors
    Feature record: CXX_FEATURE:1cxx_deleted_functions
    Feature record: CXX_FEATURE:1cxx_digit_separators
    Feature record: CXX_FEATURE:1cxx_enum_forward_declarations
    Feature record: CXX_FEATURE:1cxx_explicit_conversions
    Feature record: CXX_FEATURE:1cxx_extended_friend_declarations
    Feature record: CXX_FEATURE:1cxx_extern_templates
    Feature record: CXX_FEATURE:1cxx_final
    Feature record: CXX_FEATURE:1cxx_func_identifier
    Feature record: CXX_FEATURE:1cxx_generalized_initializers
    Feature record: CXX_FEATURE:1cxx_generic_lambdas
    Feature record: CXX_FEATURE:1cxx_inheriting_constructors
    Feature record: CXX_FEATURE:1cxx_inline_namespaces
    Feature record: CXX_FEATURE:1cxx_lambdas
    Feature record: CXX_FEATURE:1cxx_lambda_init_captures
    Feature record: CXX_FEATURE:1cxx_local_type_template_args
    Feature record: CXX_FEATURE:1cxx_long_long_type
    Feature record: CXX_FEATURE:1cxx_noexcept
    Feature record: CXX_FEATURE:1cxx_nonstatic_member_init
    Feature record: CXX_FEATURE:1cxx_nullptr
    Feature record: CXX_FEATURE:1cxx_override
    Feature record: CXX_FEATURE:1cxx_range_for
    Feature record: CXX_FEATURE:1cxx_raw_string_literals
    Feature record: CXX_FEATURE:1cxx_reference_qualified_functions
    Feature record: CXX_FEATURE:1cxx_relaxed_constexpr
    Feature record: CXX_FEATURE:1cxx_return_type_deduction
    Feature record: CXX_FEATURE:1cxx_right_angle_brackets
    Feature record: CXX_FEATURE:1cxx_rvalue_references
    Feature record: CXX_FEATURE:1cxx_sizeof_member
    Feature record: CXX_FEATURE:1cxx_static_assert
    Feature record: CXX_FEATURE:1cxx_strong_enums
    Feature record: CXX_FEATURE:1cxx_template_template_parameters
    Feature record: CXX_FEATURE:1cxx_thread_local
    Feature record: CXX_FEATURE:1cxx_trailing_return_types
    Feature record: CXX_FEATURE:1cxx_unicode_literals
    Feature record: CXX_FEATURE:1cxx_uniform_initialization
    Feature record: CXX_FEATURE:1cxx_unrestricted_unions
    Feature record: CXX_FEATURE:1cxx_user_literals
    Feature record: CXX_FEATURE:1cxx_variable_templates
    Feature record: CXX_FEATURE:1cxx_variadic_macros
    Feature record: CXX_FEATURE:1cxx_variadic_templates


Detecting CXX [-std=c++14] compiler features compiled with the following output:
Change Dir: /home/johannes/MA-Ali/ccn-lite/src/CMakeFiles/CMakeTmp

Run Build Command:"/usr/bin/make" "cmTC_8c8e5/fast"
/usr/bin/make -f CMakeFiles/cmTC_8c8e5.dir/build.make CMakeFiles/cmTC_8c8e5.dir/build
make[1]: Entering directory '/home/johannes/MA-Ali/ccn-lite/src/CMakeFiles/CMakeTmp'
Building CXX object CMakeFiles/cmTC_8c8e5.dir/feature_tests.cxx.o
/usr/bin/c++    -std=c++14 -o CMakeFiles/cmTC_8c8e5.dir/feature_tests.cxx.o -c /home/johannes/MA-Ali/ccn-lite/src/CMakeFiles/feature_tests.cxx
Linking CXX static library libcmTC_8c8e5.a
/usr/local/bin/cmake -P CMakeFiles/cmTC_8c8e5.dir/cmake_clean_target.cmake
/usr/local/bin/cmake -E cmake_link_script CMakeFiles/cmTC_8c8e5.dir/link.txt --verbose=1
/usr/bin/ar qc libcmTC_8c8e5.a  CMakeFiles/cmTC_8c8e5.dir/feature_tests.cxx.o
/usr/bin/ranlib libcmTC_8c8e5.a
make[1]: Leaving directory '/home/johannes/MA-Ali/ccn-lite/src/CMakeFiles/CMakeTmp'


    Feature record: CXX_FEATURE:1cxx_aggregate_default_initializers
    Feature record: CXX_FEATURE:1cxx_alias_templates
    Feature record: CXX_FEATURE:1cxx_alignas
    Feature record: CXX_FEATURE:1cxx_alignof
    Feature record: CXX_FEATURE:1cxx_attributes
    Feature record: CXX_FEATURE:1cxx_attribute_deprecated
    Feature record: CXX_FEATURE:1cxx_auto_type
    Feature record: CXX_FEATURE:1cxx_binary_literals
    Feature record: CXX_FEATURE:1cxx_constexpr
    Feature record: CXX_FEATURE:1cxx_contextual_conversions
    Feature record: CXX_FEATURE:1cxx_decltype
    Feature record: CXX_FEATURE:1cxx_decltype_auto
    Feature record: CXX_FEATURE:1cxx_decltype_incomplete_return_types
    Feature record: CXX_FEATURE:1cxx_default_function_template_args
    Feature record: CXX_FEATURE:1cxx_defaulted_functions
    Feature record: CXX_FEATURE:1cxx_defaulted_move_initializers
    Feature record: CXX_FEATURE:1cxx_delegating_constructors
    Feature record: CXX_FEATURE:1cxx_deleted_functions
    Feature record: CXX_FEATURE:1cxx_digit_separators
    Feature record: CXX_FEATURE:1cxx_enum_forward_declarations
    Feature record: CXX_FEATURE:1cxx_explicit_conversions
    Feature record: CXX_FEATURE:1cxx_extended_friend_declarations
    Feature record: CXX_FEATURE:1cxx_extern_templates
    Feature record: CXX_FEATURE:1cxx_final
    Feature record: CXX_FEATURE:1cxx_func_identifier
    Feature record: CXX_FEATURE:1cxx_generalized_initializers
    Feature record: CXX_FEATURE:1cxx_generic_lambdas
    Feature record: CXX_FEATURE:1cxx_inheriting_constructors
    Feature record: CXX_FEATURE:1cxx_inline_namespaces
    Feature record: CXX_FEATURE:1cxx_lambdas
    Feature record: CXX_FEATURE:1cxx_lambda_init_captures
    Feature record: CXX_FEATURE:1cxx_local_type_template_args
    Feature record: CXX_FEATURE:1cxx_long_long_type
    Feature record: CXX_FEATURE:1cxx_noexcept
    Feature record: CXX_FEATURE:1cxx_nonstatic_member_init
    Feature record: CXX_FEATURE:1cxx_nullptr
    Feature record: CXX_FEATURE:1cxx_override
    Feature record: CXX_FEATURE:1cxx_range_for
    Feature record: CXX_FEATURE:1cxx_raw_string_literals
    Feature record: CXX_FEATURE:1cxx_reference_qualified_functions
    Feature record: CXX_FEATURE:1cxx_relaxed_constexpr
    Feature record: CXX_FEATURE:1cxx_return_type_deduction
    Feature record: CXX_FEATURE:1cxx_right_angle_brackets
    Feature record: CXX_FEATURE:1cxx_rvalue_references
    Feature record: CXX_FEATURE:1cxx_sizeof_member
    Feature record: CXX_FEATURE:1cxx_static_assert
    Feature record: CXX_FEATURE:1cxx_strong_enums
    Feature record: CXX_FEATURE:1cxx_template_template_parameters
    Feature record: CXX_FEATURE:1cxx_thread_local
    Feature record: CXX_FEATURE:1cxx_trailing_return_types
    Feature record: CXX_FEATURE:1cxx_unicode_literals
    Feature record: CXX_FEATURE:1cxx_uniform_initialization
    Feature record: CXX_FEATURE:1cxx_unrestricted_unions
    Feature record: CXX_FEATURE:1cxx_user_literals
    Feature record: CXX_FEATURE:1cxx_variable_templates
    Feature record: CXX_FEATURE:1cxx_variadic_macros
    Feature record: CXX_FEATURE:1cxx_variadic_templates


Detecting CXX [-std=c++11] compiler features compiled with the following output:
Change Dir: /home/johannes/MA-Ali/ccn-lite/src/CMakeFiles/CMakeTmp

Run Build Command:"/usr/bin/make" "cmTC_463fd/fast"
/usr/bin/make -f CMakeFiles/cmTC_463fd.dir/build.make CMakeFiles/cmTC_463fd.dir/build
make[1]: Entering directory '/home/johannes/MA-Ali/ccn-lite/src/CMakeFiles/CMakeTmp'
Building CXX object CMakeFiles/cmTC_463fd.dir/feature_tests.cxx.o
/usr/bin/c++    -std=c++11 -o CMakeFiles/cmTC_463fd.dir/feature_tests.cxx.o -c /home/johannes/MA-Ali/ccn-lite/src/CMakeFiles/feature_tests.cxx
Linking CXX static library libcmTC_463fd.a
/usr/local/bin/cmake -P CMakeFiles/cmTC_463fd.dir/cmake_clean_target.cmake
/usr/local/bin/cmake -E cmake_link_script CMakeFiles/cmTC_463fd.dir/link.txt --verbose=1
/usr/bin/ar qc libcmTC_463fd.a  CMakeFiles/cmTC_463fd.dir/feature_tests.cxx.o
/usr/bin/ranlib libcmTC_463fd.a
make[1]: Leaving directory '/home/johannes/MA-Ali/ccn-lite/src/CMakeFiles/CMakeTmp'


    Feature record: CXX_FEATURE:0cxx_aggregate_default_initializers
    Feature record: CXX_FEATURE:1cxx_alias_templates
    Feature record: CXX_FEATURE:1cxx_alignas
    Feature record: CXX_FEATURE:1cxx_alignof
    Feature record: CXX_FEATURE:1cxx_attributes
    Feature record: CXX_FEATURE:0cxx_attribute_deprecated
    Feature record: CXX_FEATURE:1cxx_auto_type
    Feature record: CXX_FEATURE:0cxx_binary_literals
    Feature record: CXX_FEATURE:1cxx_constexpr
    Feature record: CXX_FEATURE:0cxx_contextual_conversions
    Feature record: CXX_FEATURE:1cxx_decltype
    Feature record: CXX_FEATURE:0cxx_decltype_auto
    Feature record: CXX_FEATURE:1cxx_decltype_incomplete_return_types
    Feature record: CXX_FEATURE:1cxx_default_function_template_args
    Feature record: CXX_FEATURE:1cxx_defaulted_functions
    Feature record: CXX_FEATURE:1cxx_defaulted_move_initializers
    Feature record: CXX_FEATURE:1cxx_delegating_constructors
    Feature record: CXX_FEATURE:1cxx_deleted_functions
    Feature record: CXX_FEATURE:0cxx_digit_separators
    Feature record: CXX_FEATURE:1cxx_enum_forward_declarations
    Feature record: CXX_FEATURE:1cxx_explicit_conversions
    Feature record: CXX_FEATURE:1cxx_extended_friend_declarations
    Feature record: CXX_FEATURE:1cxx_extern_templates
    Feature record: CXX_FEATURE:1cxx_final
    Feature record: CXX_FEATURE:1cxx_func_identifier
    Feature record: CXX_FEATURE:1cxx_generalized_initializers
    Feature record: CXX_FEATURE:0cxx_generic_lambdas
    Feature record: CXX_FEATURE:1cxx_inheriting_constructors
    Feature record: CXX_FEATURE:1cxx_inline_namespaces
    Feature record: CXX_FEATURE:1cxx_lambdas
    Feature record: CXX_FEATURE:0cxx_lambda_init_captures
    Feature record: CXX_FEATURE:1cxx_local_type_template_args
    Feature record: CXX_FEATURE:1cxx_long_long_type
    Feature record: CXX_FEATURE:1cxx_noexcept
    Feature record: CXX_FEATURE:1cxx_nonstatic_member_init
    Feature record: CXX_FEATURE:1cxx_nullptr
    Feature record: CXX_FEATURE:1cxx_override
    Feature record: CXX_FEATURE:1cxx_range_for
    Feature record: CXX_FEATURE:1cxx_raw_string_literals
    Feature record: CXX_FEATURE:1cxx_reference_qualified_functions
    Feature record: CXX_FEATURE:0cxx_relaxed_constexpr
    Feature record: CXX_FEATURE:0cxx_return_type_deduction
    Feature record: CXX_FEATURE:1cxx_right_angle_brackets
    Feature record: CXX_FEATURE:1cxx_rvalue_references
    Feature record: CXX_FEATURE:1cxx_sizeof_member
    Feature record: CXX_FEATURE:1cxx_static_assert
    Feature record: CXX_FEATURE:1cxx_strong_enums
    Feature record: CXX_FEATURE:1cxx_template_template_parameters
    Feature record: CXX_FEATURE:1cxx_thread_local
    Feature record: CXX_FEATURE:1cxx_trailing_return_types
    Feature record: CXX_FEATURE:1cxx_unicode_literals
    Feature record: CXX_FEATURE:1cxx_uniform_initialization
    Feature record: CXX_FEATURE:1cxx_unrestricted_unions
    Feature record: CXX_FEATURE:1cxx_user_literals
    Feature record: CXX_FEATURE:0cxx_variable_templates
    Feature record: CXX_FEATURE:1cxx_variadic_macros
    Feature record: CXX_FEATURE:1cxx_variadic_templates


Detecting CXX [-std=c++98] compiler features compiled with the following output:
Change Dir: /home/johannes/MA-Ali/ccn-lite/src/CMakeFiles/CMakeTmp

Run Build Command:"/usr/bin/make" "cmTC_a49d5/fast"
/usr/bin/make -f CMakeFiles/cmTC_a49d5.dir/build.make CMakeFiles/cmTC_a49d5.dir/build
make[1]: Entering directory '/home/johannes/MA-Ali/ccn-lite/src/CMakeFiles/CMakeTmp'
Building CXX object CMakeFiles/cmTC_a49d5.dir/feature_tests.cxx.o
/usr/bin/c++    -std=c++98 -o CMakeFiles/cmTC_a49d5.dir/feature_tests.cxx.o -c /home/johannes/MA-Ali/ccn-lite/src/CMakeFiles/feature_tests.cxx
Linking CXX static library libcmTC_a49d5.a
/usr/local/bin/cmake -P CMakeFiles/cmTC_a49d5.dir/cmake_clean_target.cmake
/usr/local/bin/cmake -E cmake_link_script CMakeFiles/cmTC_a49d5.dir/link.txt --verbose=1
/usr/bin/ar qc libcmTC_a49d5.a  CMakeFiles/cmTC_a49d5.dir/feature_tests.cxx.o
/usr/bin/ranlib libcmTC_a49d5.a
make[1]: Leaving directory '/home/johannes/MA-Ali/ccn-lite/src/CMakeFiles/CMakeTmp'


    Feature record: CXX_FEATURE:0cxx_aggregate_default_initializers
    Feature record: CXX_FEATURE:0cxx_alias_templates
    Feature record: CXX_FEATURE:0cxx_alignas
    Feature record: CXX_FEATURE:0cxx_alignof
    Feature record: CXX_FEATURE:0cxx_attributes
    Feature record: CXX_FEATURE:0cxx_attribute_deprecated
    Feature record: CXX_FEATURE:0cxx_auto_type
    Feature record: CXX_FEATURE:0cxx_binary_literals
    Feature record: CXX_FEATURE:0cxx_constexpr
    Feature record: CXX_FEATURE:0cxx_contextual_conversions
    Feature record: CXX_FEATURE:0cxx_decltype
    Feature record: CXX_FEATURE:0cxx_decltype_auto
    Feature record: CXX_FEATURE:0cxx_decltype_incomplete_return_types
    Feature record: CXX_FEATURE:0cxx_default_function_template_args
    Feature record: CXX_FEATURE:0cxx_defaulted_functions
    Feature record: CXX_FEATURE:0cxx_defaulted_move_initializers
    Feature record: CXX_FEATURE:0cxx_delegating_constructors
    Feature record: CXX_FEATURE:0cxx_deleted_functions
    Feature record: CXX_FEATURE:0cxx_digit_separators
    Feature record: CXX_FEATURE:0cxx_enum_forward_declarations
    Feature record: CXX_FEATURE:0cxx_explicit_conversions
    Feature record: CXX_FEATURE:0cxx_extended_friend_declarations
    Feature record: CXX_FEATURE:0cxx_extern_templates
    Feature record: CXX_FEATURE:0cxx_final
    Feature record: CXX_FEATURE:0cxx_func_identifier
    Feature record: CXX_FEATURE:0cxx_generalized_initializers
    Feature record: CXX_FEATURE:0cxx_generic_lambdas
    Feature record: CXX_FEATURE:0cxx_inheriting_constructors
    Feature record: CXX_FEATURE:0cxx_inline_namespaces
    Feature record: CXX_FEATURE:0cxx_lambdas
    Feature record: CXX_FEATURE:0cxx_lambda_init_captures
    Feature record: CXX_FEATURE:0cxx_local_type_template_args
    Feature record: CXX_FEATURE:0cxx_long_long_type
    Feature record: CXX_FEATURE:0cxx_noexcept
    Feature record: CXX_FEATURE:0cxx_nonstatic_member_init
    Feature record: CXX_FEATURE:0cxx_nullptr
    Feature record: CXX_FEATURE:0cxx_override
    Feature record: CXX_FEATURE:0cxx_range_for
    Feature record: CXX_FEATURE:0cxx_raw_string_literals
    Feature record: CXX_FEATURE:0cxx_reference_qualified_functions
    Feature record: CXX_FEATURE:0cxx_relaxed_constexpr
    Feature record: CXX_FEATURE:0cxx_return_type_deduction
    Feature record: CXX_FEATURE:0cxx_right_angle_brackets
    Feature record: CXX_FEATURE:0cxx_rvalue_references
    Feature record: CXX_FEATURE:0cxx_sizeof_member
    Feature record: CXX_FEATURE:0cxx_static_assert
    Feature record: CXX_FEATURE:0cxx_strong_enums
    Feature record: CXX_FEATURE:1cxx_template_template_parameters
    Feature record: CXX_FEATURE:0cxx_thread_local
    Feature record: CXX_FEATURE:0cxx_trailing_return_types
    Feature record: CXX_FEATURE:0cxx_unicode_literals
    Feature record: CXX_FEATURE:0cxx_uniform_initialization
    Feature record: CXX_FEATURE:0cxx_unrestricted_unions
    Feature record: CXX_FEATURE:0cxx_user_literals
    Feature record: CXX_FEATURE:0cxx_variable_templates
    Feature record: CXX_FEATURE:0cxx_variadic_macros
    Feature record: CXX_FEATURE:0cxx_variadic_templates
